Using pre-set license
Built from '2020.3/staging' branch; Version is '2020.3.23f1 (c5d91304a876) revision 12966163'; Using compiler version '192528614'; Build Type 'Release'
OS: 'Windows 10 Pro; OS build 19043.1288; Version 2009; 64bit' Language: 'pt' Physical Memory: 8086 MB
BatchMode: 1, IsHumanControllingUs: 0, StartBugReporterOnCrash: 0, Is64bit: 1, IsPro: 0

COMMAND LINE ARGUMENTS:
D:\Unity\2020.3.23f1\Editor\Unity.exe
-adb2
-batchMode
-noUpm
-name
AssetImportWorker1
-projectPath
D:/Gabriel/Unity/Projetos/jogabilijam
-logFile
Logs/AssetImportWorker1.log
-srvPort
59732
Successfully changed project path to: D:/Gabriel/Unity/Projetos/jogabilijam
D:/Gabriel/Unity/Projetos/jogabilijam
Using Asset Import Pipeline V2.
Refreshing native plugins compatible for Editor in 71.07 ms, found 3 plugins.
Preloading 0 native plugins for Editor in 0.00 ms.
Initialize engine version: 2020.3.23f1 (c5d91304a876)
[Subsystems] Discovering subsystems at path D:/Unity/2020.3.23f1/Editor/Data/Resources/UnitySubsystems
[Subsystems] Discovering subsystems at path D:/Gabriel/Unity/Projetos/jogabilijam/Assets
GfxDevice: creating device client; threaded=0
Direct3D:
    Version:  Direct3D 11.0 [level 11.1]
    Renderer: Intel(R) UHD Graphics 610 (ID=0x9ba8)
    Vendor:   
    VRAM:     4043 MB
    Driver:   27.20.100.9316
Initialize mono
Mono path[0] = 'D:/Unity/2020.3.23f1/Editor/Data/Managed'
Mono path[1] = 'D:/Unity/2020.3.23f1/Editor/Data/MonoBleedingEdge/lib/mono/unityjit'
Mono config path = 'D:/Unity/2020.3.23f1/Editor/Data/MonoBleedingEdge/etc'
Using monoOptions --debugger-agent=transport=dt_socket,embedding=1,server=y,suspend=n,address=127.0.0.1:56412
Begin MonoManager ReloadAssembly
Registering precompiled unity dll's ...
Register platform support module: D:/Unity/2020.3.23f1/Editor/Data/PlaybackEngines/WindowsStandaloneSupport/UnityEditor.WindowsStandalone.Extensions.dll
Registered in 0.001267 seconds.
Native extension for WindowsStandalone target not found
Refreshing native plugins compatible for Editor in 77.25 ms, found 3 plugins.
Preloading 0 native plugins for Editor in 0.00 ms.
Mono: successfully reloaded assembly
- Completed reload, in  0.707 seconds
Domain Reload Profiling:
	ReloadAssembly (707ms)
		BeginReloadAssembly (75ms)
			ExecutionOrderSort (0ms)
			DisableScriptedObjects (0ms)
			BackupInstance (0ms)
			ReleaseScriptingObjects (0ms)
			CreateAndSetChildDomain (1ms)
		EndReloadAssembly (562ms)
			LoadAssemblies (75ms)
			RebuildTransferFunctionScriptingTraits (0ms)
			SetupTypeCache (171ms)
			ReleaseScriptCaches (0ms)
			RebuildScriptCaches (42ms)
			SetupLoadedEditorAssemblies (226ms)
				LogAssemblyErrors (0ms)
				InitializePlatformSupportModulesInManaged (12ms)
				SetLoadedEditorAssemblies (0ms)
				RefreshPlugins (77ms)
				BeforeProcessingInitializeOnLoad (18ms)
				ProcessInitializeOnLoadAttributes (88ms)
				ProcessInitializeOnLoadMethodAttributes (31ms)
				AfterProcessingInitializeOnLoad (0ms)
				EditorAssembliesLoaded (0ms)
			ExecutionOrderSort2 (0ms)
			AwakeInstancesAfterBackupRestoration (0ms)
Platform modules already initialized, skipping
Registering precompiled user dll's ...
Registered in 0.005867 seconds.
Begin MonoManager ReloadAssembly
Native extension for WindowsStandalone target not found
Refreshing native plugins compatible for Editor in 70.77 ms, found 3 plugins.
Preloading 0 native plugins for Editor in 0.00 ms.
Mono: successfully reloaded assembly
- Completed reload, in  1.345 seconds
Domain Reload Profiling:
	ReloadAssembly (1346ms)
		BeginReloadAssembly (194ms)
			ExecutionOrderSort (0ms)
			DisableScriptedObjects (5ms)
			BackupInstance (0ms)
			ReleaseScriptingObjects (0ms)
			CreateAndSetChildDomain (19ms)
		EndReloadAssembly (1084ms)
			LoadAssemblies (156ms)
			RebuildTransferFunctionScriptingTraits (0ms)
			SetupTypeCache (362ms)
			ReleaseScriptCaches (1ms)
			RebuildScriptCaches (56ms)
			SetupLoadedEditorAssemblies (414ms)
				LogAssemblyErrors (0ms)
				InitializePlatformSupportModulesInManaged (3ms)
				SetLoadedEditorAssemblies (0ms)
				RefreshPlugins (71ms)
				BeforeProcessingInitializeOnLoad (99ms)
				ProcessInitializeOnLoadAttributes (218ms)
				ProcessInitializeOnLoadMethodAttributes (19ms)
				AfterProcessingInitializeOnLoad (2ms)
				EditorAssembliesLoaded (0ms)
			ExecutionOrderSort2 (0ms)
			AwakeInstancesAfterBackupRestoration (7ms)
Platform modules already initialized, skipping
========================================================================
Worker process is ready to serve import requests
Launched and connected shader compiler UnityShaderCompiler.exe after 0.10 seconds
Refreshing native plugins compatible for Editor in 0.68 ms, found 3 plugins.
Preloading 0 native plugins for Editor in 0.00 ms.
Unloading 3288 Unused Serialized files (Serialized files now loaded: 0)
System memory in use before: 139.1 MB.
System memory in use after: 139.3 MB.

Unloading 29 unused Assets to reduce memory usage. Loaded Objects now: 3721.
Total: 3.409700 ms (FindLiveObjects: 0.293600 ms CreateObjectMapping: 0.158900 ms MarkObjects: 2.878200 ms  DeleteObjects: 0.078000 ms)

AssetImportParameters requested are different than current active one (requested -> active):
  custom:framework-win-MediaFoundation: 216162199b28c13a410421893ffa2e32 -> 
  custom:video-decoder-ogg-theora: a1e56fd34408186e4bbccfd4996cb3dc -> 
  custom:container-muxer-webm: aa71ff27fc2769a1b78a27578f13a17b -> 
  custom:container-demuxer-webm: 4f35f7cbe854078d1ac9338744f61a02 -> 
  custom:container-demuxer-ogg: 62fdf1f143b41e24485cea50d1cbac27 -> 
  custom:video-encoder-webm-vp8: eb34c28f22e8b96e1ab97ce403110664 -> 
  custom:video-decoder-webm-vp8: 9c59270c3fd7afecdb556c50c9e8de78 -> 
  custom:audio-decoder-ogg-vorbis: bf7c407c2cedff20999df2af8eb42d56 -> 
  custom:audio-encoder-webm-vorbis: bf7c407c2cedff20999df2af8eb42d56 -> 
========================================================================
Received Import Request.
  path: Assets/Scenes/DebugWyru.unity
  artifactKey: Guid(8e06751a3dfad0c488f7def354fc0811) Importer(815301076,1909f56bfc062723c751e8b465ee728b)
Start importing Assets/Scenes/DebugWyru.unity using Guid(8e06751a3dfad0c488f7def354fc0811) Importer(815301076,1909f56bfc062723c751e8b465ee728b)  -> (artifact id: '46ebba73417561b6e2eceee461eae2ab') in 0.036702 seconds 
  Import took 0.041802 seconds .

========================================================================
Received Import Request.
  Time since last request: 0.000252 seconds.
  path: Assets/Scenes/MainScene.unity
  artifactKey: Guid(13603f7a7cb55c846b87499050a37538) Importer(815301076,1909f56bfc062723c751e8b465ee728b)
Start importing Assets/Scenes/MainScene.unity using Guid(13603f7a7cb55c846b87499050a37538) Importer(815301076,1909f56bfc062723c751e8b465ee728b)  -> (artifact id: '6ba684815085963ed05790c28f91fa91') in 0.003163 seconds 
  Import took 0.008048 seconds .

========================================================================
Received Import Request.
  Time since last request: 1.985322 seconds.
  path: Assets/Scenes/SampleScene.unity
  artifactKey: Guid(2cda990e2423bbf4892e6590ba056729) Importer(815301076,1909f56bfc062723c751e8b465ee728b)
Start importing Assets/Scenes/SampleScene.unity using Guid(2cda990e2423bbf4892e6590ba056729) Importer(815301076,1909f56bfc062723c751e8b465ee728b)  -> (artifact id: 'aa27944bdea339c97c39027c7eea529c') in 0.016516 seconds 
  Import took 0.036416 seconds .

========================================================================
Received Import Request.
  Time since last request: 7.517034 seconds.
  path: Assets
  artifactKey: Guid(00000000000000001000000000000000) Importer(815301076,1909f56bfc062723c751e8b465ee728b)
Start importing Assets using Guid(00000000000000001000000000000000) Importer(815301076,1909f56bfc062723c751e8b465ee728b)  -> (artifact id: '42d402b061de3733987d63b9cc3b64de') in 0.004870 seconds 
  Import took 0.020639 seconds .

========================================================================
Received Import Request.
  Time since last request: 16.408773 seconds.
  path: Assets/UniversalRenderSettings
  artifactKey: Guid(04bfaedefff205140bb41a305b932537) Importer(815301076,1909f56bfc062723c751e8b465ee728b)
Start importing Assets/UniversalRenderSettings using Guid(04bfaedefff205140bb41a305b932537) Importer(815301076,1909f56bfc062723c751e8b465ee728b)  -> (artifact id: '698a062d9a4275ca7dbe66df557c4316') in 0.003762 seconds 
  Import took 0.021569 seconds .

========================================================================
Received Import Request.
  Time since last request: 16.302880 seconds.
  path: Assets/UniversalRenderSettings/UniversalRenderPipelineAsset.asset
  artifactKey: Guid(aac1487fd5d3e7f469c5180104b76846) Importer(815301076,1909f56bfc062723c751e8b465ee728b)
Start importing Assets/UniversalRenderSettings/UniversalRenderPipelineAsset.asset using Guid(aac1487fd5d3e7f469c5180104b76846) Importer(815301076,1909f56bfc062723c751e8b465ee728b)  -> (artifact id: '9da1ad707b87851ed6917c4bafa06bf0') in 0.082637 seconds 
  Import took 0.088814 seconds .

========================================================================
Received Import Request.
  Time since last request: 143.723389 seconds.
  path: Assets/Scenes/DebugGabriel.unity
  artifactKey: Guid(f77084014db148842a2a6af54bc39a76) Importer(815301076,1909f56bfc062723c751e8b465ee728b)
Start importing Assets/Scenes/DebugGabriel.unity using Guid(f77084014db148842a2a6af54bc39a76) Importer(815301076,1909f56bfc062723c751e8b465ee728b)  -> (artifact id: 'cfedc4053843ea6cd8d84802208b2989') in 0.004584 seconds 
  Import took 0.026108 seconds .

========================================================================
Received Prepare
Refreshing native plugins compatible for Editor in 228.54 ms, found 3 plugins.
Preloading 0 native plugins for Editor in 0.00 ms.
Unloading 64 Unused Serialized files (Serialized files now loaded: 0)
System memory in use before: 74.2 MB.
System memory in use after: 74.4 MB.

Unloading 16 unused Assets to reduce memory usage. Loaded Objects now: 3769.
Total: 5.449300 ms (FindLiveObjects: 0.421600 ms CreateObjectMapping: 0.236100 ms MarkObjects: 4.747000 ms  DeleteObjects: 0.041300 ms)

AssetImportParameters requested are different than current active one (requested -> active):
  custom:framework-win-MediaFoundation: 216162199b28c13a410421893ffa2e32 -> 
  custom:video-decoder-ogg-theora: a1e56fd34408186e4bbccfd4996cb3dc -> 
  custom:container-muxer-webm: aa71ff27fc2769a1b78a27578f13a17b -> 
  custom:container-demuxer-webm: 4f35f7cbe854078d1ac9338744f61a02 -> 
  custom:container-demuxer-ogg: 62fdf1f143b41e24485cea50d1cbac27 -> 
  custom:video-encoder-webm-vp8: eb34c28f22e8b96e1ab97ce403110664 -> 
  custom:video-decoder-webm-vp8: 9c59270c3fd7afecdb556c50c9e8de78 -> 
  custom:audio-decoder-ogg-vorbis: bf7c407c2cedff20999df2af8eb42d56 -> 
  custom:audio-encoder-webm-vorbis: bf7c407c2cedff20999df2af8eb42d56 -> 
========================================================================
Received Import Request.
  Time since last request: 7.293824 seconds.
  path: Assets/Scenes/DebugWyru.unity
  artifactKey: Guid(8e06751a3dfad0c488f7def354fc0811) Importer(815301076,1909f56bfc062723c751e8b465ee728b)
Start importing Assets/Scenes/DebugWyru.unity using Guid(8e06751a3dfad0c488f7def354fc0811) Importer(815301076,1909f56bfc062723c751e8b465ee728b)  -> (artifact id: 'f66fcb8b172d4e53d1571fe88c71cf79') in 0.004586 seconds 
  Import took 0.024721 seconds .

========================================================================
Received Import Request.
  Time since last request: 11.906270 seconds.
  path: Assets/Scenes/MainScene.unity
  artifactKey: Guid(13603f7a7cb55c846b87499050a37538) Importer(815301076,1909f56bfc062723c751e8b465ee728b)
Start importing Assets/Scenes/MainScene.unity using Guid(13603f7a7cb55c846b87499050a37538) Importer(815301076,1909f56bfc062723c751e8b465ee728b)  -> (artifact id: '9dde200e8d31500f56f0907ad2cfab28') in 0.004099 seconds 
  Import took 0.041493 seconds .

========================================================================
Received Import Request.
  Time since last request: 323.699870 seconds.
  path: Assets/Scenes
  artifactKey: Guid(e8d8c558732c7ae40983c44dbe5d3598) Importer(815301076,1909f56bfc062723c751e8b465ee728b)
Start importing Assets/Scenes using Guid(e8d8c558732c7ae40983c44dbe5d3598) Importer(815301076,1909f56bfc062723c751e8b465ee728b)  -> (artifact id: '9b4246445791e5a50aaa53c5b1c6a235') in 0.008745 seconds 
  Import took 0.024666 seconds .

========================================================================
Received Import Request.
  Time since last request: 7.457489 seconds.
  path: Assets/Scenes/DebugGabriel.unity
  artifactKey: Guid(f77084014db148842a2a6af54bc39a76) Importer(815301076,1909f56bfc062723c751e8b465ee728b)
Start importing Assets/Scenes/DebugGabriel.unity using Guid(f77084014db148842a2a6af54bc39a76) Importer(815301076,1909f56bfc062723c751e8b465ee728b)  -> (artifact id: '3d589ac698c8390431e40fbc13ecee93') in 0.004920 seconds 
  Import took 0.019940 seconds .

AssetImportWorkerClient::OnTransportError - code=2 error=End of file
